[Header]
2024-05-27 10:11:33,578 [1] INFO  Main - Starting: FMA Configurator, Version: 1.1.27.12
2024-05-27 10:11:33,671 [1] INFO  FMAConfigurator.Common.ElementOffsetCache - Element Cache Built: 
 * [0; 24) => 300
 * [24; 30) => 110
 * [30; 47) => 720

2024-05-27 10:11:33,673 [1] INFO  FMAConfigurator.Common.ElementOffsetCache - Element Cache Built: 
 * [0; 83) => 1000

2024-05-27 10:11:33,673 [1] INFO  FMAConfigurator.Common.ElementOffsetCache - Element Cache Built: 
 * [0; 49) => 100
 * [49; 60) => 250
 * [60; 99) => 210
 * [99; 142) => 262

2024-05-27 10:11:34,162 [1] DEBUG FMAConfigurator.MainForm - Creating MainForm.
2024-05-27 10:11:35,258 [3] DEBUG Teltonika.MapControl.MapControl.OpenLayersHttpServer - GET: http://localhost:37000/mapOSM.html
2024-05-27 10:11:35,265 [4] DEBUG Teltonika.MapControl.MapControl.OpenLayersHttpServer - GET: http://localhost:37000/mapOSM.html
2024-05-27 10:11:37,398 [1] INFO  Protocol.SerialPort - Creating GpsSerialPort.
2024-05-27 10:11:37,400 [1] INFO  Protocol.SerialPort - GpsSerialPort created.
2024-05-27 10:11:37,501 [1] DEBUG FMAConfigurator.MainForm - MainForm created.
2024-05-27 10:11:37,501 [1] DEBUG FMAConfigurator.Configuration.ConfigControlManager - DropProfile()
2024-05-27 10:11:37,623 [1] DEBUG FMAConfigurator.Configuration.ConfigControlManager - SetProfile()
2024-05-27 10:11:38,048 [1] DEBUG FMAConfigurator.MainForm - Default profile loaded
2024-05-27 10:11:38,165 [3] DEBUG Teltonika.MapControl.MapControl.OpenLayersHttpServer - GET: http://localhost:37000/03leaflet.css
2024-05-27 10:11:38,165 [4] DEBUG Teltonika.MapControl.MapControl.OpenLayersHttpServer - GET: http://localhost:37000/04leaflet.draw.css
2024-05-27 10:11:38,167 [4] DEBUG Teltonika.MapControl.MapControl.OpenLayersHttpServer - GET: http://localhost:37000/06leaflet.label.css
2024-05-27 10:11:38,167 [3] DEBUG Teltonika.MapControl.MapControl.OpenLayersHttpServer - GET: http://localhost:37000/05leaflet.draw.ie.css
2024-05-27 10:11:38,167 [3] DEBUG Teltonika.MapControl.MapControl.OpenLayersHttpServer - GET: http://localhost:37000/20jquery.js
2024-05-27 10:11:38,168 [4] DEBUG Teltonika.MapControl.MapControl.OpenLayersHttpServer - GET: http://localhost:37000/50json2.js
2024-05-27 10:11:38,169 [3] DEBUG Teltonika.MapControl.MapControl.OpenLayersHttpServer - GET: http://localhost:37000/51linq.js
2024-05-27 10:11:38,170 [3] DEBUG Teltonika.MapControl.MapControl.OpenLayersHttpServer - GET: http://localhost:37000/30leaflet.js
2024-05-27 10:11:38,171 [3] DEBUG Teltonika.MapControl.MapControl.OpenLayersHttpServer - GET: http://localhost:37000/31leaflet.draw.debug.js
2024-05-27 10:11:38,171 [4] DEBUG Teltonika.MapControl.MapControl.OpenLayersHttpServer - GET: http://localhost:37000/40label.js
2024-05-27 10:11:38,171 [4] DEBUG Teltonika.MapControl.MapControl.OpenLayersHttpServer - GET: http://localhost:37000/41map.label.js
2024-05-27 10:11:38,172 [3] DEBUG Teltonika.MapControl.MapControl.OpenLayersHttpServer - GET: http://localhost:37000/42path.label.js
[Footer]
